NAME=PubmedArticleSet
MODEL=((PubmedArticle | PubmedBookArticle)+, DeleteCitation?) 
WORD=(
WORD=(
WORD=PubmedArticle
WORD=|
WORD=PubmedBookArticle
WORD=)
WORD=+
WORD=,
WORD=DeleteCitation
WORD=?
WORD=)
NAME=BookDocumentSet
MODEL=(BookDocument*, DeleteDocument?) 
WORD=(
WORD=BookDocument
WORD=*
WORD=,
WORD=DeleteDocument
WORD=?
WORD=)
NAME=PubmedBookArticleSet
MODEL=(PubmedBookArticle*)
WORD=(
WORD=PubmedBookArticle
WORD=*
WORD=)
NAME=PubmedArticle
MODEL=(MedlineCitation, PubmedData?)
WORD=(
WORD=MedlineCitation
WORD=,
WORD=PubmedData
WORD=?
WORD=)
NAME=PubmedBookArticle
MODEL=(BookDocument, PubmedBookData?)
WORD=(
WORD=BookDocument
WORD=,
WORD=PubmedBookData
WORD=?
WORD=)
NAME=BookDocument
MODEL=( PMID, ArticleIdList, Book, LocationLabel*, ArticleTitle?, VernacularTitle?, Pagination?, Language*, AuthorList*, InvestigatorList?, PublicationType*, Abstract?, Sections?, KeywordList*, ContributionDate?, DateRevised?, CitationString?, GrantList?, ItemList*) 
WORD=(
WORD=PMID
WORD=,
WORD=ArticleIdList
WORD=,
WORD=Book
WORD=,
WORD=LocationLabel
WORD=*
WORD=,
WORD=ArticleTitle
WORD=?
WORD=,
WORD=VernacularTitle
WORD=?
WORD=,
WORD=Pagination
WORD=?
WORD=,
WORD=Language
WORD=*
WORD=,
WORD=AuthorList
WORD=*
WORD=,
WORD=InvestigatorList
WORD=?
WORD=,
WORD=PublicationType
WORD=*
WORD=,
WORD=Abstract
WORD=?
WORD=,
WORD=Sections
WORD=?
WORD=,
WORD=KeywordList
WORD=*
WORD=,
WORD=ContributionDate
WORD=?
WORD=,
WORD=DateRevised
WORD=?
WORD=,
WORD=CitationString
WORD=?
WORD=,
WORD=GrantList
WORD=?
WORD=,
WORD=ItemList
WORD=*
WORD=)
NAME=DeleteCitation
MODEL=(PMID+) 
WORD=(
WORD=PMID
WORD=+
WORD=)
NAME=DeleteDocument
MODEL=(PMID*) 
WORD=(
WORD=PMID
WORD=*
WORD=)
NAME=MedlineCitation
MODEL=(PMID, DateCreated, DateCompleted?, DateRevised?, Article, MedlineJournalInfo, ChemicalList?, SupplMeshList?,CitationSubset*, CommentsCorrectionsList?, GeneSymbolList?, MeshHeadingList?, NumberOfReferences?, PersonalNameSubjectList?, OtherID*, OtherAbstract*, KeywordList*, CoiStatement?, SpaceFlightMission*, InvestigatorList?, GeneralNote*)
WORD=(
WORD=PMID
WORD=,
WORD=DateCreated
WORD=,
WORD=DateCompleted
WORD=?
WORD=,
WORD=DateRevised
WORD=?
WORD=,
WORD=Article
WORD=,
WORD=MedlineJournalInfo
WORD=,
WORD=ChemicalList
WORD=?
WORD=,
WORD=SupplMeshList
WORD=?
WORD=,
WORD=CitationSubset
WORD=*
WORD=,
WORD=CommentsCorrectionsList
WORD=?
WORD=,
WORD=GeneSymbolList
WORD=?
WORD=,
WORD=MeshHeadingList
WORD=?
WORD=,
WORD=NumberOfReferences
WORD=?
WORD=,
WORD=PersonalNameSubjectList
WORD=?
WORD=,
WORD=OtherID
WORD=*
WORD=,
WORD=OtherAbstract
WORD=*
WORD=,
WORD=KeywordList
WORD=*
WORD=,
WORD=CoiStatement
WORD=?
WORD=,
WORD=SpaceFlightMission
WORD=*
WORD=,
WORD=InvestigatorList
WORD=?
WORD=,
WORD=GeneralNote
WORD=*
WORD=)
NAME=PubmedData
MODEL=(History?, PublicationStatus, ArticleIdList, ObjectList?) 
WORD=(
WORD=History
WORD=?
WORD=,
WORD=PublicationStatus
WORD=,
WORD=ArticleIdList
WORD=,
WORD=ObjectList
WORD=?
WORD=)
NAME=PubmedBookData
MODEL=(History?, PublicationStatus, ArticleIdList, ObjectList?)
WORD=(
WORD=History
WORD=?
WORD=,
WORD=PublicationStatus
WORD=,
WORD=ArticleIdList
WORD=,
WORD=ObjectList
WORD=?
WORD=)
NAME=Article
MODEL=(Journal,ArticleTitle,((Pagination, ELocationID*) | ELocationID+), Abstract?,AuthorList?, Language+, DataBankList?, GrantList?, PublicationTypeList, VernacularTitle?, ArticleDate*) 
WORD=(
WORD=Journal
WORD=,
WORD=ArticleTitle
WORD=,
WORD=(
WORD=(
WORD=Pagination
WORD=,
WORD=ELocationID
WORD=*
WORD=)
WORD=|
WORD=ELocationID
WORD=+
WORD=)
WORD=,
WORD=Abstract
WORD=?
WORD=,
WORD=AuthorList
WORD=?
WORD=,
WORD=Language
WORD=+
WORD=,
WORD=DataBankList
WORD=?
WORD=,
WORD=GrantList
WORD=?
WORD=,
WORD=PublicationTypeList
WORD=,
WORD=VernacularTitle
WORD=?
WORD=,
WORD=ArticleDate
WORD=*
WORD=)
NAME=Abstract
MODEL=(AbstractText+, CopyrightInformation?)
WORD=(
WORD=AbstractText
WORD=+
WORD=,
WORD=CopyrightInformation
WORD=?
WORD=)
NAME=AbstractText
MODEL=(#PCDATA | b | i | sup | sub | u)*
WORD=(
WORD=#PCDATA
WORD=|
WORD=b
WORD=|
WORD=i
WORD=|
WORD=sup
WORD=|
WORD=sub
WORD=|
WORD=u
WORD=)
WORD=*
NAME=AccessionNumber
MODEL=(#PCDATA) 
WORD=(
WORD=#PCDATA
WORD=)
NAME=AccessionNumberList
MODEL=(AccessionNumber+) 
WORD=(
WORD=AccessionNumber
WORD=+
WORD=)
NAME=Acronym
MODEL=(#PCDATA) 
WORD=(
WORD=#PCDATA
WORD=)
NAME=Affiliation
MODEL=(#PCDATA | b | i | sup | sub | u)*
WORD=(
WORD=#PCDATA
WORD=|
WORD=b
WORD=|
WORD=i
WORD=|
WORD=sup
WORD=|
WORD=sub
WORD=|
WORD=u
WORD=)
WORD=*
NAME=AffiliationInfo
MODEL=(Affiliation, Identifier*)
WORD=(
WORD=Affiliation
WORD=,
WORD=Identifier
WORD=*
WORD=)
NAME=Agency
MODEL=(#PCDATA) 
WORD=(
WORD=#PCDATA
WORD=)
NAME=ArticleDate
MODEL=(Year, Month, Day) 
WORD=(
WORD=Year
WORD=,
WORD=Month
WORD=,
WORD=Day
WORD=)
NAME=ArticleId
MODEL=(#PCDATA) 
WORD=(
WORD=#PCDATA
WORD=)
NAME=ArticleIdList
MODEL=(ArticleId+)
WORD=(
WORD=ArticleId
WORD=+
WORD=)
NAME=ArticleTitle
MODEL=(#PCDATA | b | i | sup | sub | u)*
WORD=(
WORD=#PCDATA
WORD=|
WORD=b
WORD=|
WORD=i
WORD=|
WORD=sup
WORD=|
WORD=sub
WORD=|
WORD=u
WORD=)
WORD=*
NAME=Author
MODEL=(((LastName, ForeName?, Initials?, Suffix?) | CollectiveName), Identifier*, AffiliationInfo*) 
WORD=(
WORD=(
WORD=(
WORD=LastName
WORD=,
WORD=ForeName
WORD=?
WORD=,
WORD=Initials
WORD=?
WORD=,
WORD=Suffix
WORD=?
WORD=)
WORD=|
WORD=CollectiveName
WORD=)
WORD=,
WORD=Identifier
WORD=*
WORD=,
WORD=AffiliationInfo
WORD=*
WORD=)
NAME=AuthorList
MODEL=(Author+) 
WORD=(
WORD=Author
WORD=+
WORD=)
NAME=b
MODEL=(#PCDATA | b | i | sup | sub | u)* 
WORD=(
WORD=#PCDATA
WORD=|
WORD=b
WORD=|
WORD=i
WORD=|
WORD=sup
WORD=|
WORD=sub
WORD=|
WORD=u
WORD=)
WORD=*
NAME=BeginningDate
MODEL=( Year, ((Month, Day?) | Season)? ) 
WORD=(
WORD=Year
WORD=,
WORD=(
WORD=(
WORD=Month
WORD=,
WORD=Day
WORD=?
WORD=)
WORD=|
WORD=Season
WORD=)
WORD=?
WORD=)
NAME=Book
MODEL=( Publisher, BookTitle, PubDate, BeginningDate?, EndingDate?, AuthorList*, InvestigatorList?, Volume?, VolumeTitle?, Edition?, CollectionTitle?, Isbn*, ELocationID*, Medium?, ReportNumber?) 
WORD=(
WORD=Publisher
WORD=,
WORD=BookTitle
WORD=,
WORD=PubDate
WORD=,
WORD=BeginningDate
WORD=?
WORD=,
WORD=EndingDate
WORD=?
WORD=,
WORD=AuthorList
WORD=*
WORD=,
WORD=InvestigatorList
WORD=?
WORD=,
WORD=Volume
WORD=?
WORD=,
WORD=VolumeTitle
WORD=?
WORD=,
WORD=Edition
WORD=?
WORD=,
WORD=CollectionTitle
WORD=?
WORD=,
WORD=Isbn
WORD=*
WORD=,
WORD=ELocationID
WORD=*
WORD=,
WORD=Medium
WORD=?
WORD=,
WORD=ReportNumber
WORD=?
WORD=)
NAME=BookTitle
MODEL=(#PCDATA | b | i | sup | sub | u)* 
WORD=(
WORD=#PCDATA
WORD=|
WORD=b
WORD=|
WORD=i
WORD=|
WORD=sup
WORD=|
WORD=sub
WORD=|
WORD=u
WORD=)
WORD=*
NAME=Chemical
MODEL=(RegistryNumber, NameOfSubstance) 
WORD=(
WORD=RegistryNumber
WORD=,
WORD=NameOfSubstance
WORD=)
NAME=ChemicalList
MODEL=(Chemical+) 
WORD=(
WORD=Chemical
WORD=+
WORD=)
NAME=CitationString
MODEL=(#PCDATA | b | i | sup | sub | u)* 
WORD=(
WORD=#PCDATA
WORD=|
WORD=b
WORD=|
WORD=i
WORD=|
WORD=sup
WORD=|
WORD=sub
WORD=|
WORD=u
WORD=)
WORD=*
NAME=CitationSubset
MODEL=(#PCDATA) 
WORD=(
WORD=#PCDATA
WORD=)
NAME=CoiStatement
MODEL=(#PCDATA | b | i | sup | sub | u)* 
WORD=(
WORD=#PCDATA
WORD=|
WORD=b
WORD=|
WORD=i
WORD=|
WORD=sup
WORD=|
WORD=sub
WORD=|
WORD=u
WORD=)
WORD=*
NAME=CollectionTitle
MODEL=(#PCDATA | b | i | sup | sub | u)* 
WORD=(
WORD=#PCDATA
WORD=|
WORD=b
WORD=|
WORD=i
WORD=|
WORD=sup
WORD=|
WORD=sub
WORD=|
WORD=u
WORD=)
WORD=*
NAME=CollectiveName
MODEL=(#PCDATA | b | i | sup | sub | u)* 
WORD=(
WORD=#PCDATA
WORD=|
WORD=b
WORD=|
WORD=i
WORD=|
WORD=sup
WORD=|
WORD=sub
WORD=|
WORD=u
WORD=)
WORD=*
NAME=CommentsCorrections
MODEL=(RefSource,PMID?,Note?) 
WORD=(
WORD=RefSource
WORD=,
WORD=PMID
WORD=?
WORD=,
WORD=Note
WORD=?
WORD=)
NAME=CommentsCorrectionsList
MODEL=(CommentsCorrections+) 
WORD=(
WORD=CommentsCorrections
WORD=+
WORD=)
NAME=ContractNumber
MODEL=(#PCDATA) 
WORD=(
WORD=#PCDATA
WORD=)
NAME=ContributionDate
MODEL=( Year, ((Month, Day?) | Season)? ) 
WORD=(
WORD=Year
WORD=,
WORD=(
WORD=(
WORD=Month
WORD=,
WORD=Day
WORD=?
WORD=)
WORD=|
WORD=Season
WORD=)
WORD=?
WORD=)
NAME=CopyrightInformation
MODEL=(#PCDATA) 
WORD=(
WORD=#PCDATA
WORD=)
NAME=Country
MODEL=(#PCDATA) 
WORD=(
WORD=#PCDATA
WORD=)
NAME=DataBank
MODEL=(DataBankName, AccessionNumberList?) 
WORD=(
WORD=DataBankName
WORD=,
WORD=AccessionNumberList
WORD=?
WORD=)
NAME=DataBankList
MODEL=(DataBank+) 
WORD=(
WORD=DataBank
WORD=+
WORD=)
NAME=DataBankName
MODEL=(#PCDATA) 
WORD=(
WORD=#PCDATA
WORD=)
NAME=DateCompleted
MODEL=(Year,Month,Day) 
WORD=(
WORD=Year
WORD=,
WORD=Month
WORD=,
WORD=Day
WORD=)
NAME=DateCreated
MODEL=(Year, Month, Day) 
WORD=(
WORD=Year
WORD=,
WORD=Month
WORD=,
WORD=Day
WORD=)
NAME=DateRevised
MODEL=(Year,Month,Day) 
WORD=(
WORD=Year
WORD=,
WORD=Month
WORD=,
WORD=Day
WORD=)
NAME=Day
MODEL=(#PCDATA )
WORD=(
WORD=#PCDATA
WORD=)
NAME=DescriptorName
MODEL=(#PCDATA) 
WORD=(
WORD=#PCDATA
WORD=)
NAME=Edition
MODEL=(#PCDATA) 
WORD=(
WORD=#PCDATA
WORD=)
NAME=ELocationID
MODEL=(#PCDATA) 
WORD=(
WORD=#PCDATA
WORD=)
NAME=EndingDate
MODEL=( Year, ((Month, Day?) | Season)? ) 
WORD=(
WORD=Year
WORD=,
WORD=(
WORD=(
WORD=Month
WORD=,
WORD=Day
WORD=?
WORD=)
WORD=|
WORD=Season
WORD=)
WORD=?
WORD=)
NAME=EndPage
MODEL=(#PCDATA) 
WORD=(
WORD=#PCDATA
WORD=)
NAME=ForeName
MODEL=(#PCDATA) 
WORD=(
WORD=#PCDATA
WORD=)
NAME=GeneSymbol
MODEL=(#PCDATA) 
WORD=(
WORD=#PCDATA
WORD=)
NAME=GeneSymbolList
MODEL=(GeneSymbol+)
WORD=(
WORD=GeneSymbol
WORD=+
WORD=)
NAME=GeneralNote
MODEL=(#PCDATA) 
WORD=(
WORD=#PCDATA
WORD=)
NAME=Grant
MODEL=(GrantID?, Acronym?, Agency, Country)
WORD=(
WORD=GrantID
WORD=?
WORD=,
WORD=Acronym
WORD=?
WORD=,
WORD=Agency
WORD=,
WORD=Country
WORD=)
NAME=GrantID
MODEL=(#PCDATA) 
WORD=(
WORD=#PCDATA
WORD=)
NAME=GrantList
MODEL=(Grant+)
WORD=(
WORD=Grant
WORD=+
WORD=)
NAME=History
MODEL=(PubMedPubDate+) 
WORD=(
WORD=PubMedPubDate
WORD=+
WORD=)
NAME=Hour
MODEL=(#PCDATA) 
WORD=(
WORD=#PCDATA
WORD=)
NAME=i
MODEL=(#PCDATA | b | i | sup | sub | u)* 
WORD=(
WORD=#PCDATA
WORD=|
WORD=b
WORD=|
WORD=i
WORD=|
WORD=sup
WORD=|
WORD=sub
WORD=|
WORD=u
WORD=)
WORD=*
NAME=Identifier
MODEL=(#PCDATA) 
WORD=(
WORD=#PCDATA
WORD=)
NAME=Initials
MODEL=(#PCDATA) 
WORD=(
WORD=#PCDATA
WORD=)
NAME=Investigator
MODEL=(LastName, ForeName?, Initials?, Suffix?, Identifier*, AffiliationInfo*) 
WORD=(
WORD=LastName
WORD=,
WORD=ForeName
WORD=?
WORD=,
WORD=Initials
WORD=?
WORD=,
WORD=Suffix
WORD=?
WORD=,
WORD=Identifier
WORD=*
WORD=,
WORD=AffiliationInfo
WORD=*
WORD=)
NAME=InvestigatorList
MODEL=(Investigator+) 
WORD=(
WORD=Investigator
WORD=+
WORD=)
NAME=Isbn
MODEL=(#PCDATA) 
WORD=(
WORD=#PCDATA
WORD=)
NAME=ISOAbbreviation
MODEL=(#PCDATA) 
WORD=(
WORD=#PCDATA
WORD=)
NAME=ISSN
MODEL=(#PCDATA) 
WORD=(
WORD=#PCDATA
WORD=)
NAME=ISSNLinking
MODEL=(#PCDATA) 
WORD=(
WORD=#PCDATA
WORD=)
NAME=Issue
MODEL=(#PCDATA) 
WORD=(
WORD=#PCDATA
WORD=)
NAME=Item
MODEL=(#PCDATA)
WORD=(
WORD=#PCDATA
WORD=)
NAME=ItemList
MODEL=(Item+)
WORD=(
WORD=Item
WORD=+
WORD=)
NAME=Journal
MODEL=(ISSN?, JournalIssue, Title?, ISOAbbreviation?)
WORD=(
WORD=ISSN
WORD=?
WORD=,
WORD=JournalIssue
WORD=,
WORD=Title
WORD=?
WORD=,
WORD=ISOAbbreviation
WORD=?
WORD=)
NAME=JournalIssue
MODEL=(Volume?, Issue?, PubDate) 
WORD=(
WORD=Volume
WORD=?
WORD=,
WORD=Issue
WORD=?
WORD=,
WORD=PubDate
WORD=)
NAME=Keyword
MODEL=(#PCDATA | b | i | sup | sub | u)*
WORD=(
WORD=#PCDATA
WORD=|
WORD=b
WORD=|
WORD=i
WORD=|
WORD=sup
WORD=|
WORD=sub
WORD=|
WORD=u
WORD=)
WORD=*
NAME=KeywordList
MODEL=(Keyword+) 
WORD=(
WORD=Keyword
WORD=+
WORD=)
NAME=Language
MODEL=(#PCDATA) 
WORD=(
WORD=#PCDATA
WORD=)
NAME=LastName
MODEL=(#PCDATA) 
WORD=(
WORD=#PCDATA
WORD=)
NAME=LocationLabel
MODEL=(#PCDATA)
WORD=(
WORD=#PCDATA
WORD=)
NAME=Medium
MODEL=(#PCDATA) 
WORD=(
WORD=#PCDATA
WORD=)
NAME=MedlineDate
MODEL=(#PCDATA) 
WORD=(
WORD=#PCDATA
WORD=)
NAME=MedlineJournalInfo
MODEL=(Country?, MedlineTA, NlmUniqueID?, ISSNLinking?) 
WORD=(
WORD=Country
WORD=?
WORD=,
WORD=MedlineTA
WORD=,
WORD=NlmUniqueID
WORD=?
WORD=,
WORD=ISSNLinking
WORD=?
WORD=)
NAME=MedlinePgn
MODEL=(#PCDATA) 
WORD=(
WORD=#PCDATA
WORD=)
NAME=MedlineTA
MODEL=(#PCDATA) 
WORD=(
WORD=#PCDATA
WORD=)
NAME=MeshHeading
MODEL=(DescriptorName, QualifierName*)
WORD=(
WORD=DescriptorName
WORD=,
WORD=QualifierName
WORD=*
WORD=)
NAME=MeshHeadingList
MODEL=(MeshHeading+)
WORD=(
WORD=MeshHeading
WORD=+
WORD=)
NAME=Minute
MODEL=(#PCDATA) 
WORD=(
WORD=#PCDATA
WORD=)
NAME=Month
MODEL=(#PCDATA) 
WORD=(
WORD=#PCDATA
WORD=)
NAME=NameOfSubstance
MODEL=(#PCDATA) 
WORD=(
WORD=#PCDATA
WORD=)
NAME=NlmUniqueID
MODEL=(#PCDATA) 
WORD=(
WORD=#PCDATA
WORD=)
NAME=Note
MODEL=(#PCDATA) 
WORD=(
WORD=#PCDATA
WORD=)
NAME=NumberOfReferences
MODEL=(#PCDATA) 
WORD=(
WORD=#PCDATA
WORD=)
NAME=Object
MODEL=(Param*)
WORD=(
WORD=Param
WORD=*
WORD=)
NAME=ObjectList
MODEL=(Object+) 
WORD=(
WORD=Object
WORD=+
WORD=)
NAME=OtherAbstract
MODEL=(AbstractText+, CopyrightInformation?) 
WORD=(
WORD=AbstractText
WORD=+
WORD=,
WORD=CopyrightInformation
WORD=?
WORD=)
NAME=OtherID
MODEL=(#PCDATA) 
WORD=(
WORD=#PCDATA
WORD=)
NAME=PMID
MODEL=(#PCDATA) 
WORD=(
WORD=#PCDATA
WORD=)
NAME=Pagination
MODEL=((StartPage, EndPage?, MedlinePgn?) | MedlinePgn) 
WORD=(
WORD=(
WORD=StartPage
WORD=,
WORD=EndPage
WORD=?
WORD=,
WORD=MedlinePgn
WORD=?
WORD=)
WORD=|
WORD=MedlinePgn
WORD=)
NAME=Param
MODEL=(#PCDATA | b | i | sup | sub | u)*
WORD=(
WORD=#PCDATA
WORD=|
WORD=b
WORD=|
WORD=i
WORD=|
WORD=sup
WORD=|
WORD=sub
WORD=|
WORD=u
WORD=)
WORD=*
NAME=PersonalNameSubject
MODEL=(LastName, ForeName?, Initials?, Suffix?) 
WORD=(
WORD=LastName
WORD=,
WORD=ForeName
WORD=?
WORD=,
WORD=Initials
WORD=?
WORD=,
WORD=Suffix
WORD=?
WORD=)
NAME=PersonalNameSubjectList
MODEL=(PersonalNameSubject+) 
WORD=(
WORD=PersonalNameSubject
WORD=+
WORD=)
NAME=PubDate
MODEL=((Year, ((Month, Day?) | Season)?) | MedlineDate) 
WORD=(
WORD=(
WORD=Year
WORD=,
WORD=(
WORD=(
WORD=Month
WORD=,
WORD=Day
WORD=?
WORD=)
WORD=|
WORD=Season
WORD=)
WORD=?
WORD=)
WORD=|
WORD=MedlineDate
WORD=)
NAME=PublicationStatus
MODEL=(#PCDATA) 
WORD=(
WORD=#PCDATA
WORD=)
NAME=PublicationType
MODEL=(#PCDATA) 
WORD=(
WORD=#PCDATA
WORD=)
NAME=PublicationTypeList
MODEL=(PublicationType+) 
WORD=(
WORD=PublicationType
WORD=+
WORD=)
NAME=PubMedPubDate
MODEL=(Year, Month, Day, (Hour, (Minute, Second?)?)?)
WORD=(
WORD=Year
WORD=,
WORD=Month
WORD=,
WORD=Day
WORD=,
WORD=(
WORD=Hour
WORD=,
WORD=(
WORD=Minute
WORD=,
WORD=Second
WORD=?
WORD=)
WORD=?
WORD=)
WORD=?
WORD=)
NAME=Publisher
MODEL=(PublisherName, PublisherLocation?) 
WORD=(
WORD=PublisherName
WORD=,
WORD=PublisherLocation
WORD=?
WORD=)
NAME=PublisherLocation
MODEL=(#PCDATA) 
WORD=(
WORD=#PCDATA
WORD=)
NAME=PublisherName
MODEL=(#PCDATA | b | i | sup | sub | u)* 
WORD=(
WORD=#PCDATA
WORD=|
WORD=b
WORD=|
WORD=i
WORD=|
WORD=sup
WORD=|
WORD=sub
WORD=|
WORD=u
WORD=)
WORD=*
NAME=QualifierName
MODEL=(#PCDATA) 
WORD=(
WORD=#PCDATA
WORD=)
NAME=RefSource
MODEL=(#PCDATA) 
WORD=(
WORD=#PCDATA
WORD=)
NAME=RegistryNumber
MODEL=(#PCDATA) 
WORD=(
WORD=#PCDATA
WORD=)
NAME=ReportNumber
MODEL=(#PCDATA) 
WORD=(
WORD=#PCDATA
WORD=)
NAME=Season
MODEL=(#PCDATA) 
WORD=(
WORD=#PCDATA
WORD=)
NAME=Second
MODEL=(#PCDATA) 
WORD=(
WORD=#PCDATA
WORD=)
NAME=Section
MODEL=(LocationLabel?, SectionTitle, Section*) 
WORD=(
WORD=LocationLabel
WORD=?
WORD=,
WORD=SectionTitle
WORD=,
WORD=Section
WORD=*
WORD=)
NAME=Sections
MODEL=(Section+) 
WORD=(
WORD=Section
WORD=+
WORD=)
NAME=SectionTitle
MODEL=(#PCDATA | b | i | sup | sub | u)* 
WORD=(
WORD=#PCDATA
WORD=|
WORD=b
WORD=|
WORD=i
WORD=|
WORD=sup
WORD=|
WORD=sub
WORD=|
WORD=u
WORD=)
WORD=*
NAME=SpaceFlightMission
MODEL=(#PCDATA) 
WORD=(
WORD=#PCDATA
WORD=)
NAME=StartPage
MODEL=(#PCDATA) 
WORD=(
WORD=#PCDATA
WORD=)
NAME=sub
MODEL=(#PCDATA | b | i | sup | sub | u)* 
WORD=(
WORD=#PCDATA
WORD=|
WORD=b
WORD=|
WORD=i
WORD=|
WORD=sup
WORD=|
WORD=sub
WORD=|
WORD=u
WORD=)
WORD=*
NAME=Suffix
MODEL=(#PCDATA | b | i | sup | sub | u)*
WORD=(
WORD=#PCDATA
WORD=|
WORD=b
WORD=|
WORD=i
WORD=|
WORD=sup
WORD=|
WORD=sub
WORD=|
WORD=u
WORD=)
WORD=*
NAME=sup
MODEL=(#PCDATA | b | i | sup | sub | u)* 
WORD=(
WORD=#PCDATA
WORD=|
WORD=b
WORD=|
WORD=i
WORD=|
WORD=sup
WORD=|
WORD=sub
WORD=|
WORD=u
WORD=)
WORD=*
NAME=SupplMeshList
MODEL=(SupplMeshName+)
WORD=(
WORD=SupplMeshName
WORD=+
WORD=)
NAME=SupplMeshName
MODEL=(#PCDATA) 
WORD=(
WORD=#PCDATA
WORD=)
NAME=Title
MODEL=(#PCDATA) 
WORD=(
WORD=#PCDATA
WORD=)
NAME=u
MODEL=(#PCDATA | b | i | sup | sub | u)* 
WORD=(
WORD=#PCDATA
WORD=|
WORD=b
WORD=|
WORD=i
WORD=|
WORD=sup
WORD=|
WORD=sub
WORD=|
WORD=u
WORD=)
WORD=*
NAME=URL
MODEL=(#PCDATA) 
WORD=(
WORD=#PCDATA
WORD=)
NAME=VernacularTitle
MODEL=(#PCDATA | b | i | sup | sub | u)* 
WORD=(
WORD=#PCDATA
WORD=|
WORD=b
WORD=|
WORD=i
WORD=|
WORD=sup
WORD=|
WORD=sub
WORD=|
WORD=u
WORD=)
WORD=*
NAME=Volume
MODEL=(#PCDATA) 
WORD=(
WORD=#PCDATA
WORD=)
NAME=VolumeTitle
MODEL=(#PCDATA | b | i | sup | sub | u)* 
WORD=(
WORD=#PCDATA
WORD=|
WORD=b
WORD=|
WORD=i
WORD=|
WORD=sup
WORD=|
WORD=sub
WORD=|
WORD=u
WORD=)
WORD=*
NAME=Year
MODEL=(#PCDATA) 
WORD=(
WORD=#PCDATA
WORD=)
 				 	                    		                         		         		    		    		    		    		    		    		      		    		            		              		    		      		                                   	      GROUPNAME=; MODEL=((PubmedArticle|PubmedBookArticle)+,DeleteCitation?)
GROUPNAME=; MODEL=(BookDocument*,DeleteDocument?)
GROUPNAME=; MODEL=(PubmedBookArticle*)
GROUPNAME=; MODEL=(MedlineCitation,PubmedData?)
GROUPNAME=; MODEL=(BookDocument,PubmedBookData?)
GROUPNAME=; MODEL=(PMID,ArticleIdList,Book,LocationLabel*,ArticleTitle?,VernacularTitle?,Pagination?,Language*,AuthorList*,InvestigatorList?,PublicationType*,Abstract?,Sections?,KeywordList*,ContributionDate?,DateRevised?,CitationString?,GrantList?,ItemList*)
GROUPNAME=; MODEL=(PMID+)
GROUPNAME=; MODEL=(PMID*)
GROUPNAME=; MODEL=(PMID,DateCreated,DateCompleted?,DateRevised?,Article,MedlineJournalInfo,ChemicalList?,SupplMeshList?,CitationSubset*,CommentsCorrectionsList?,GeneSymbolList?,MeshHeadingList?,NumberOfReferences?,PersonalNameSubjectList?,OtherID*,OtherAbstract*,KeywordList*,CoiStatement?,SpaceFlightMission*,InvestigatorList?,GeneralNote*)
GROUPNAME=; MODEL=(History?,PublicationStatus,ArticleIdList,ObjectList?)
GROUPNAME=; MODEL=(History?,PublicationStatus,ArticleIdList,ObjectList?)
GROUPNAME=; MODEL=(Journal,ArticleTitle,((Pagination,ELocationID*)|ELocationID+),Abstract?,AuthorList?,Language+,DataBankList?,GrantList?,PublicationTypeList,VernacularTitle?,ArticleDate*)
GROUPNAME=; MODEL=(AbstractText+,CopyrightInformation?)
GROUPNAME=; MODEL=(#PCDATA|b|i|sup|sub|u)*
GROUPNAME=; MODEL=(#PCDATA)
GROUPNAME=; MODEL=(AccessionNumber+)
GROUPNAME=; MODEL=(#PCDATA)
GROUPNAME=; MODEL=(#PCDATA|b|i|sup|sub|u)*
GROUPNAME=; MODEL=(Affiliation,Identifier*)
GROUPNAME=; MODEL=(#PCDATA)
GROUPNAME=; MODEL=(Year,Month,Day)
GROUPNAME=; MODEL=(#PCDATA)
GROUPNAME=; MODEL=(ArticleId+)
GROUPNAME=; MODEL=(#PCDATA|b|i|sup|sub|u)*
GROUPNAME=; MODEL=(((LastName,ForeName?,Initials?,Suffix?)|CollectiveName),Identifier*,AffiliationInfo*)
GROUPNAME=; MODEL=(Author+)
GROUPNAME=; MODEL=(#PCDATA|b|i|sup|sub|u)*
GROUPNAME=; MODEL=(Year,((Month,Day?)|Season)?)
GROUPNAME=; MODEL=(Publisher,BookTitle,PubDate,BeginningDate?,EndingDate?,AuthorList*,InvestigatorList?,Volume?,VolumeTitle?,Edition?,CollectionTitle?,Isbn*,ELocationID*,Medium?,ReportNumber?)
GROUPNAME=; MODEL=(#PCDATA|b|i|sup|sub|u)*
GROUPNAME=; MODEL=(RegistryNumber,NameOfSubstance)
GROUPNAME=; MODEL=(Chemical+)
GROUPNAME=; MODEL=(#PCDATA|b|i|sup|sub|u)*
GROUPNAME=; MODEL=(#PCDATA)
GROUPNAME=; MODEL=(#PCDATA|b|i|sup|sub|u)*
GROUPNAME=; MODEL=(#PCDATA|b|i|sup|sub|u)*
GROUPNAME=; MODEL=(#PCDATA|b|i|sup|sub|u)*
GROUPNAME=; MODEL=(RefSource,PMID?,Note?)
GROUPNAME=; MODEL=(CommentsCorrections+)
GROUPNAME=; MODEL=(#PCDATA)
GROUPNAME=; MODEL=(Year,((Month,Day?)|Season)?)
GROUPNAME=; MODEL=(#PCDATA)
GROUPNAME=; MODEL=(#PCDATA)
GROUPNAME=; MODEL=(DataBankName,AccessionNumberList?)
GROUPNAME=; MODEL=(DataBank+)
GROUPNAME=; MODEL=(#PCDATA)
GROUPNAME=; MODEL=(Year,Month,Day)
GROUPNAME=; MODEL=(Year,Month,Day)
GROUPNAME=; MODEL=(Year,Month,Day)
GROUPNAME=; MODEL=(#PCDATA)
GROUPNAME=; MODEL=(#PCDATA)
GROUPNAME=; MODEL=(#PCDATA)
GROUPNAME=; MODEL=(#PCDATA)
GROUPNAME=; MODEL=(Year,((Month,Day?)|Season)?)
GROUPNAME=; MODEL=(#PCDATA)
GROUPNAME=; MODEL=(#PCDATA)
GROUPNAME=; MODEL=(#PCDATA)
GROUPNAME=; MODEL=(GeneSymbol+)
GROUPNAME=; MODEL=(#PCDATA)
GROUPNAME=; MODEL=(GrantID?,Acronym?,Agency,Country)
GROUPNAME=; MODEL=(#PCDATA)
GROUPNAME=; MODEL=(Grant+)
GROUPNAME=; MODEL=(PubMedPubDate+)
GROUPNAME=; MODEL=(#PCDATA)
GROUPNAME=; MODEL=(#PCDATA|b|i|sup|sub|u)*
GROUPNAME=; MODEL=(#PCDATA)
GROUPNAME=; MODEL=(#PCDATA)
GROUPNAME=; MODEL=(LastName,ForeName?,Initials?,Suffix?,Identifier*,AffiliationInfo*)
GROUPNAME=; MODEL=(Investigator+)
GROUPNAME=; MODEL=(#PCDATA)
GROUPNAME=; MODEL=(#PCDATA)
GROUPNAME=; MODEL=(#PCDATA)
GROUPNAME=; MODEL=(#PCDATA)
GROUPNAME=; MODEL=(#PCDATA)
GROUPNAME=; MODEL=(#PCDATA)
GROUPNAME=; MODEL=(Item+)
GROUPNAME=; MODEL=(ISSN?,JournalIssue,Title?,ISOAbbreviation?)
GROUPNAME=; MODEL=(Volume?,Issue?,PubDate)
GROUPNAME=; MODEL=(#PCDATA|b|i|sup|sub|u)*
GROUPNAME=; MODEL=(Keyword+)
GROUPNAME=; MODEL=(#PCDATA)
GROUPNAME=; MODEL=(#PCDATA)
GROUPNAME=; MODEL=(#PCDATA)
GROUPNAME=; MODEL=(#PCDATA)
GROUPNAME=; MODEL=(#PCDATA)
GROUPNAME=; MODEL=(Country?,MedlineTA,NlmUniqueID?,ISSNLinking?)
GROUPNAME=; MODEL=(#PCDATA)
GROUPNAME=; MODEL=(#PCDATA)
GROUPNAME=; MODEL=(DescriptorName,QualifierName*)
GROUPNAME=; MODEL=(MeshHeading+)
GROUPNAME=; MODEL=(#PCDATA)
GROUPNAME=; MODEL=(#PCDATA)
GROUPNAME=; MODEL=(#PCDATA)
GROUPNAME=; MODEL=(#PCDATA)
GROUPNAME=; MODEL=(#PCDATA)
GROUPNAME=; MODEL=(#PCDATA)
GROUPNAME=; MODEL=(Param*)
GROUPNAME=; MODEL=(Object+)
GROUPNAME=; MODEL=(AbstractText+,CopyrightInformation?)
GROUPNAME=; MODEL=(#PCDATA)
GROUPNAME=; MODEL=(#PCDATA)
GROUPNAME=; MODEL=((StartPage,EndPage?,MedlinePgn?)|MedlinePgn)
GROUPNAME=; MODEL=(#PCDATA|b|i|sup|sub|u)*
GROUPNAME=; MODEL=(LastName,ForeName?,Initials?,Suffix?)
GROUPNAME=; MODEL=(PersonalNameSubject+)
GROUPNAME=; MODEL=((Year,((Month,Day?)|Season)?)|MedlineDate)
GROUPNAME=; MODEL=(#PCDATA)
GROUPNAME=; MODEL=(#PCDATA)
GROUPNAME=; MODEL=(PublicationType+)
GROUPNAME=; MODEL=(Year,Month,Day,(Hour,(Minute,Second?)?)?)
GROUPNAME=; MODEL=(PublisherName,PublisherLocation?)
GROUPNAME=; MODEL=(#PCDATA)
GROUPNAME=; MODEL=(#PCDATA|b|i|sup|sub|u)*
GROUPNAME=; MODEL=(#PCDATA)
GROUPNAME=; MODEL=(#PCDATA)
GROUPNAME=; MODEL=(#PCDATA)
GROUPNAME=; MODEL=(#PCDATA)
GROUPNAME=; MODEL=(#PCDATA)
GROUPNAME=; MODEL=(#PCDATA)
GROUPNAME=; MODEL=(LocationLabel?,SectionTitle,Section*)
GROUPNAME=; MODEL=(Section+)
GROUPNAME=; MODEL=(#PCDATA|b|i|sup|sub|u)*
GROUPNAME=; MODEL=(#PCDATA)
GROUPNAME=; MODEL=(#PCDATA)
GROUPNAME=; MODEL=(#PCDATA|b|i|sup|sub|u)*
GROUPNAME=; MODEL=(#PCDATA|b|i|sup|sub|u)*
GROUPNAME=; MODEL=(#PCDATA|b|i|sup|sub|u)*
GROUPNAME=; MODEL=(SupplMeshName+)
GROUPNAME=; MODEL=(#PCDATA)
GROUPNAME=; MODEL=(#PCDATA)
GROUPNAME=; MODEL=(#PCDATA|b|i|sup|sub|u)*
GROUPNAME=; MODEL=(#PCDATA)
GROUPNAME=; MODEL=(#PCDATA|b|i|sup|sub|u)*
GROUPNAME=; MODEL=(#PCDATA)
GROUPNAME=; MODEL=(#PCDATA|b|i|sup|sub|u)*
GROUPNAME=; MODEL=(#PCDATA)
